Output: Graphics/Displays:

    Apple M1:

      Chipset Model: Apple M1
      Type: GPU
      Bus: Built-In
      Total Number of Cores: 7
      Vendor: Apple (0x106b)
      Metal Support: Metal 3
      Displays:
        Color LCD:
          Display Type: Built-In Retina LCD
          Resolution: 2560 x 1600 Retina
          Main Display: Yes
          Mirror: Off
          Online: Yes
          Automatically Adjust Brightness: Yes
          Connection Type: Internal
        LG HDR 5K:
          Resolution: 6016 x 2538
          UI Looks like: 3008 x 1269 @ 60.00Hz
          Mirror: Off
          Online: Yes
          Rotation: Supported


Model: Apple M1
E-Core Count: 4
P-Core Count: 4
GPU Core Count: 7
